#
# A fatal error has been detected by the Java Runtime Environment:
#
#  EXCEPTION_ACCESS_VIOLATION (0xc0000005) at pc=0x00000000599e226b, pid=18308, tid=16868
#
# JRE version: Java(TM) SE Runtime Environment (7.0_40-b43) (build 1.7.0_40-b43)
# Java VM: Java HotSpot(TM) 64-Bit Server VM (24.0-b56 mixed mode windows-amd64 compressed oops)
# Problematic frame:
# V  [jvm.dll+0x14226b]
#
# Failed to write core dump. Minidumps are not enabled by default on client versions of Windows
#
# If you would like to submit a bug report, please visit:
#   http://bugreport.sun.com/bugreport/crash.jsp
#

---------------  T H R E A D  ---------------

Current thread (0x000000000a7e8000):  JavaThread "JDWP Transport Listener: dt_socket" daemon [_thread_in_vm, id=16868, stack(0x000000000c5e0000,0x000000000c6e0000)]

siginfo: ExceptionCode=0xc0000005, reading address 0x0000003b00003b00

Registers:
RAX=0x000000000c6df301, RBX=0x000000000a7e8000, RCX=0x0000003b00003b00, RDX=0x0000000000000000
RSP=0x000000000c6df390, RBP=0x0000003b00003b00, RSI=0x000000000c6df4a8, RDI=0x0000000002229fb0
R8 =0x000000000a7e8000, R9 =0x000002780112001d, R10=0x6b6f742f6d6f634c, R11=0x000000000c9cf2b1
R12=0x0000000000000000, R13=0x000000000a7dbdd8, R14=0x0000000000000000, R15=0x0000000000000000
RIP=0x00000000599e226b, EFLAGS=0x0000000000010206

Top of Stack: (sp=0x000000000c6df390)
0x000000000c6df390:   000000000a7e8000 0000000000000006
0x000000000c6df3a0:   000000000c6df458 0000000059b80f29
0x000000000c6df3b0:   000000000a7e8000 0000000059b9ead2
0x000000000c6df3c0:   0000000000000072 000000006d948e89
0x000000000c6df3d0:   000000000a791708 000000006d95265a
0x000000000c6df3e0:   000000000a7e8000 0000000000000000
0x000000000c6df3f0:   0000000000000000 0000000000000000
0x000000000c6df400:   0000003b00003b00 000000006d951751
0x000000000c6df410:   000000000c6df4a8 000000000c6df480
0x000000000c6df420:   0000000000000001 000000000a791708
0x000000000c6df430:   0000003b00003b00 000000006d9353b3
0x000000000c6df440:   000000000c6df570 0000000000000001
0x000000000c6df450:   0000000000000001 000000000a791708
0x000000000c6df460:   0000000000000009 0000000000000000
0x000000000c6df470:   0000000000000000 0000000000000000
0x000000000c6df480:   0000000000000001 000000006d935571 

Instructions: (pc=0x00000000599e226b)
0x00000000599e224b:   48 8b 5c 24 30 48 89 47 18 48 83 c4 20 5f c3 cc
0x00000000599e225b:   cc cc cc cc cc 40 53 48 83 ec 20 48 85 c9 74 54
0x00000000599e226b:   48 8b 19 48 85 db 74 4c 48 b8 fe fe fe fe fe fe
0x00000000599e227b:   fe fe 48 3b d8 74 3d 80 3d af 89 60 00 00 74 15 


Register to memory mapping:

RAX=0x000000000c6df301 is pointing into the stack for thread: 0x000000000a7e8000
RBX=0x000000000a7e8000 is a thread
RCX=0x0000003b00003b00 is an unknown value
RDX=0x0000000000000000 is an unknown value
RSP=0x000000000c6df390 is pointing into the stack for thread: 0x000000000a7e8000
RBP=0x0000003b00003b00 is an unknown value
RSI=0x000000000c6df4a8 is pointing into the stack for thread: 0x000000000a7e8000
RDI=0x0000000002229fb0 is an unknown value
R8 =0x000000000a7e8000 is a thread
R9 =0x000002780112001d is an unknown value
R10=0x6b6f742f6d6f634c is an unknown value
R11=0x000000000c9cf2b1 is an unknown value
R12=0x0000000000000000 is an unknown value
R13=0x000000000a7dbdd8 is an unknown value
R14=0x0000000000000000 is an unknown value
R15=0x0000000000000000 is an unknown value


Stack: [0x000000000c5e0000,0x000000000c6e0000],  sp=0x000000000c6df390,  free space=1020k
Native frames: (J=compiled Java code, j=interpreted, Vv=VM code, C=native code)
V  [jvm.dll+0x14226b]

[error occurred during error reporting (printing native stack), id 0xc0000005]


---------------  P R O C E S S  ---------------

Java Threads: ( => current thread )
  0x000000000c8b0000 JavaThread "Service Thread" daemon [_thread_blocked, id=17460, stack(0x000000000d1a0000,0x000000000d2a0000)]
  0x000000000a7ff800 JavaThread "C2 CompilerThread1" daemon [_thread_blocked, id=3788, stack(0x000000000cfa0000,0x000000000d0a0000)]
  0x000000000c8aa000 JavaThread "C2 CompilerThread0" daemon [_thread_blocked, id=19628, stack(0x000000000ce60000,0x000000000cf60000)]
  0x000000000a7f9000 JavaThread "JDWP Command Reader" daemon [_thread_in_native, id=11040, stack(0x000000000cce0000,0x000000000cde0000)]
  0x000000000a7f8000 JavaThread "JDWP Event Helper Thread" daemon [_thread_blocked, id=16484, stack(0x000000000c7a0000,0x000000000c8a0000)]
=>0x000000000a7e8000 JavaThread "JDWP Transport Listener: dt_socket" daemon [_thread_in_vm, id=16868, stack(0x000000000c5e0000,0x000000000c6e0000)]
  0x000000000a7e1800 JavaThread "Attach Listener" daemon [_thread_blocked, id=9616, stack(0x000000000bf70000,0x000000000c070000)]
  0x000000000a7da000 JavaThread "Signal Dispatcher" daemon [_thread_blocked, id=6692, stack(0x000000000bd30000,0x000000000be30000)]
  0x000000000a788800 JavaThread "Finalizer" daemon [_thread_blocked, id=11436, stack(0x000000000bb80000,0x000000000bc80000)]
  0x000000000a77f000 JavaThread "Reference Handler" daemon [_thread_blocked, id=16012, stack(0x000000000ba00000,0x000000000bb00000)]
  0x000000000222f800 JavaThread "main" [_thread_blocked, id=12292, stack(0x00000000022a0000,0x00000000023a0000)]

Other Threads:
  0x000000000a779800 VMThread [stack: 0x000000000b7e0000,0x000000000b8e0000] [id=16296]
  0x000000000c8c6000 WatcherThread [stack: 0x000000000b8e0000,0x000000000b9e0000] [id=21020]

VM state:not at safepoint (normal execution)

VM Mutex/Monitor currently owned by a thread: None

Heap
 PSYoungGen      total 36864K, used 1904K [0x00000000d7080000, 0x00000000d9980000, 0x0000000100000000)
  eden space 31744K, 6% used [0x00000000d7080000,0x00000000d725c370,0x00000000d8f80000)
  from space 5120K, 0% used [0x00000000d9480000,0x00000000d9480000,0x00000000d9980000)
  to   space 5120K, 0% used [0x00000000d8f80000,0x00000000d8f80000,0x00000000d9480000)
 ParOldGen       total 83456K, used 0K [0x0000000085200000, 0x000000008a380000, 0x00000000d7080000)
  object space 83456K, 0% used [0x0000000085200000,0x0000000085200000,0x000000008a380000)
 PSPermGen       total 21504K, used 3916K [0x0000000080000000, 0x0000000081500000, 0x0000000085200000)
  object space 21504K, 18% used [0x0000000080000000,0x00000000803d3248,0x0000000081500000)

Card table byte_map: [0x0000000005460000,0x0000000005870000] byte_map_base: 0x0000000005060000

Polling page: 0x0000000000340000

Code Cache  [0x00000000023a0000, 0x0000000002610000, 0x00000000053a0000)
 total_blobs=232 nmethods=4 adapters=190 free_code_cache=48741Kb largest_free_block=49898752

Compilation events (8 events):
Event: 0.135 Thread 0x000000000c8aa000    1             java.lang.String::hashCode (55 bytes)
Event: 0.135 Thread 0x000000000a7ff800    2             java.lang.String::indexOf (70 bytes)
Event: 0.146 Thread 0x000000000c8aa000 nmethod 1 0x00000000023ff950 code [0x00000000023ffa80, 0x00000000023ffbf8]
Event: 0.147 Thread 0x000000000c8aa000    3             java.lang.String::charAt (29 bytes)
Event: 0.148 Thread 0x000000000a7ff800 nmethod 2 0x00000000023ff510 code [0x00000000023ff660, 0x00000000023ff848]
Event: 0.148 Thread 0x000000000c8aa000 nmethod 3 0x00000000023ff210 code [0x00000000023ff360, 0x00000000023ff438]
Event: 46.870 Thread 0x000000000a7ff800    4             java.lang.AbstractStringBuilder::ensureCapacityInternal (16 bytes)
Event: 46.872 Thread 0x000000000a7ff800 nmethod 4 0x0000000002409750 code [0x00000000024098a0, 0x00000000024099e8]

GC Heap History (0 events):
No events

Deoptimization events (0 events):
No events

Internal exceptions (9 events):
Event: 0.046 Thread 0x000000000222f800 Threw 0x00000000d708c238 at C:\jdk7u2_64p\jdk7u40\hotspot\src\share\vm\prims\jni.cpp:3991
Event: 0.115 Thread 0x000000000222f800 Threw 0x00000000d70d9f98 at C:\jdk7u2_64p\jdk7u40\hotspot\src\share\vm\prims\jvm.cpp:1244
Event: 0.210 Thread 0x000000000222f800 Threw 0x00000000d71c31a8 at C:\jdk7u2_64p\jdk7u40\hotspot\src\share\vm\prims\jvm.cpp:1244
Event: 0.210 Thread 0x000000000222f800 Threw 0x00000000d71c32d0 at C:\jdk7u2_64p\jdk7u40\hotspot\src\share\vm\prims\jvm.cpp:1244
Event: 0.211 Thread 0x000000000222f800 Threw 0x00000000d71c6f48 at C:\jdk7u2_64p\jdk7u40\hotspot\src\share\vm\prims\jvm.cpp:1244
Event: 0.211 Thread 0x000000000222f800 Threw 0x00000000d71c7070 at C:\jdk7u2_64p\jdk7u40\hotspot\src\share\vm\prims\jvm.cpp:1244
Event: 0.220 Thread 0x000000000222f800 Threw 0x00000000d71d40a0 at C:\jdk7u2_64p\jdk7u40\hotspot\src\share\vm\prims\jvm.cpp:1244
Event: 0.222 Thread 0x000000000222f800 Threw 0x00000000d71d95a8 at C:\jdk7u2_64p\jdk7u40\hotspot\src\share\vm\prims\jvm.cpp:1244
Event: 0.498 Thread 0x000000000222f800 Threw 0x00000000d71ffe80 at C:\jdk7u2_64p\jdk7u40\hotspot\src\share\vm\prims\jvm.cpp:1244

Events (10 events):
Event: 17402.448 Executing VM operation: ChangeBreakpoints
Event: 17402.448 Executing VM operation: ChangeBreakpoints done
Event: 17452.041 Executing VM operation: ChangeBreakpoints
Event: 17452.042 Executing VM operation: ChangeBreakpoints done
Event: 17452.043 Executing VM operation: ChangeBreakpoints
Event: 17452.043 Executing VM operation: ChangeBreakpoints done
Event: 17452.043 Executing VM operation: ChangeBreakpoints
Event: 17452.043 Executing VM operation: ChangeBreakpoints done
Event: 17452.092 Executing VM operation: RedefineClasses
Event: 17452.093 Executing VM operation: RedefineClasses done


Dynamic libraries:
0x000000013f230000 - 0x000000013f263000 	C:\Program Files\Java\jdk1.7.0_40\bin\java.exe
0x0000000077c90000 - 0x0000000077e39000 	C:\Windows\SYSTEM32\ntdll.dll
0x0000000077a70000 - 0x0000000077b8f000 	C:\Windows\system32\kernel32.dll
0x000007fefde20000 - 0x000007fefde8b000 	C:\Windows\system32\KERNELBASE.dll
0x000007feffc90000 - 0x000007feffd6b000 	C:\Windows\system32\ADVAPI32.dll
0x000007fefe430000 - 0x000007fefe4cf000 	C:\Windows\system32\msvcrt.dll
0x000007fefe410000 - 0x000007fefe42f000 	C:\Windows\SYSTEM32\sechost.dll
0x000007fefe020000 - 0x000007fefe14d000 	C:\Windows\system32\RPCRT4.dll
0x0000000077b90000 - 0x0000000077c8a000 	C:\Windows\system32\USER32.dll
0x000007feffa10000 - 0x000007feffa77000 	C:\Windows\system32\GDI32.dll
0x000007feffa80000 - 0x000007feffa8e000 	C:\Windows\system32\LPK.dll
0x000007fefdea0000 - 0x000007fefdf69000 	C:\Windows\system32\USP10.dll
0x000007fefc6f0000 - 0x000007fefc8e4000 	C:\Windows\WinSxS\amd64_microsoft.windows.common-controls_6595b64144ccf1df_6.0.7601.17514_none_fa396087175ac9ac\COMCTL32.dll
0x000007feff300000 - 0x000007feff371000 	C:\Windows\system32\SHLWAPI.dll
0x000007feff380000 - 0x000007feff3ae000 	C:\Windows\system32\IMM32.DLL
0x000007feff3b0000 - 0x000007feff4b9000 	C:\Windows\system32\MSCTF.dll
0x000000005faf0000 - 0x000000005fbc1000 	C:\Program Files\Java\jdk1.7.0_40\jre\bin\msvcr100.dll
0x00000000598a0000 - 0x000000005a069000 	C:\Program Files\Java\jdk1.7.0_40\jre\bin\server\jvm.dll
0x000007fef9a60000 - 0x000007fef9a69000 	C:\Windows\system32\WSOCK32.dll
0x000007feff4c0000 - 0x000007feff50d000 	C:\Windows\system32\WS2_32.dll
0x000007fefe010000 - 0x000007fefe018000 	C:\Windows\system32\NSI.dll
0x000007fefb510000 - 0x000007fefb54b000 	C:\Windows\system32\WINMM.dll
0x0000000077e50000 - 0x0000000077e57000 	C:\Windows\system32\PSAPI.DLL
0x0000000072510000 - 0x000000007251f000 	C:\Program Files\Java\jdk1.7.0_40\jre\bin\verify.dll
0x00000000724e0000 - 0x0000000072508000 	C:\Program Files\Java\jdk1.7.0_40\jre\bin\java.dll
0x000000006d930000 - 0x000000006d965000 	C:\Program Files\Java\jdk1.7.0_40\jre\bin\jdwp.dll
0x0000000072490000 - 0x0000000072498000 	C:\Program Files\Java\jdk1.7.0_40\jre\bin\npt.dll
0x00000000724c0000 - 0x00000000724d5000 	C:\Program Files\Java\jdk1.7.0_40\jre\bin\zip.dll
0x000000006d920000 - 0x000000006d929000 	C:\Program Files\Java\jdk1.7.0_40\jre\bin\dt_socket.dll
0x000007fefd2e0000 - 0x000007fefd335000 	C:\Windows\system32\mswsock.dll
0x000007fefcca0000 - 0x000007fefcca7000 	C:\Windows\System32\wshtcpip.dll
0x00000000724a0000 - 0x00000000724b9000 	C:\Program Files\Java\jdk1.7.0_40\jre\bin\net.dll
0x000007fefd2d0000 - 0x000007fefd2d7000 	C:\Windows\System32\wship6.dll
0x000000006e0a0000 - 0x000000006e0b1000 	C:\Program Files\Java\jdk1.7.0_40\jre\bin\nio.dll
0x000007fefa080000 - 0x000007fefa1a5000 	C:\Windows\system32\dbghelp.dll

VM Arguments:
jvm_args: -agentlib:jdwp=transport=dt_socket,address=127.0.0.1:57785,suspend=y,server=n -Dfile.encoding=UTF-8 
java_command: com.tokoro.MyAnswer
Launcher Type: SUN_STANDARD

Environment Variables:
JAVA_HOME=C:\Program Files\Java\jdk1.7.0_40
JRE_HOME=C:\Program Files\Java\jre7
CLASSPATH=.;C:\Program Files (x86)\QuickTime\QTSystem\QTJava.zip;C:\gosu-0.10.2\lib;
PATH=C:\Program Files (x86)\JetBrains\IntelliJ IDEA Community Edition 12.1.4\bin\..\.\bin;C:\Windows\system32;C:\Windows;C:\Windows\System32\Wbem;C:\Windows\System32\WindowsPowerShell\v1.0\;C:\Program Files (x86)\EgisTec MyWinLocker\x86;C:\Program Files (x86)\EgisTec MyWinLocker\x64;C:\Program Files (x86)\QuickTime\QTSystem\;c:\Program Files\Microsoft SQL Server\110\Tools\Binn\;c:\Program Files (x86)\Microsoft SQL Server\110\Tools\Binn\;c:\Program Files\Microsoft SQL Server\110\DTS\Binn\;c:\Program Files (x86)\Microsoft SQL Server\110\Tools\Binn\ManagementStudio\;c:\Program Files (x86)\Microsoft Visual Studio 10.0\Common7\IDE\PrivateAssemblies\;c:\Program Files (x86)\Microsoft SQL Server\110\DTS\Binn\;C:\Program Files (x86)\Subversion\bin;C:\Program Files\Microsoft\Web Platform Installer\;C:\Program Files (x86)\Microsoft ASP.NET\ASP.NET Web Pages\v1.0\;C:\Program Files (x86)\WinMerge;C:\Program Files\apache-maven-3.0.5\bin;C:\Program Files\Java\jdk1.7.0_40\bin;c:\play;C:\aardvark-0.4\bin;C:\Program Files\Java\jre7\bin;C:\gosu-0.10.2\lib;C:\gosu-0.10.2\bin;C:\Program Files (x86)\Git\cmd;c:\program files (x86)\jetbrains\intellij idea community edition 12.1.4\jre\jre\bin
USERNAME=Teomo
OS=Windows_NT
PROCESSOR_IDENTIFIER=Intel64 Family 6 Model 37 Stepping 2, GenuineIntel



---------------  S Y S T E M  ---------------

OS: Windows 7 , 64 bit Build 7601 Service Pack 1

CPU:total 4 (2 cores per cpu, 2 threads per core) family 6 model 37 stepping 2, cmov, cx8, fxsr, mmx, sse, sse2, sse3, ssse3, sse4.1, sse4.2, popcnt, ht, tsc, tscinvbit

Memory: 4k page, physical 8051416k(3557040k free), swap 16100968k(9744392k free)

vm_info: Java HotSpot(TM) 64-Bit Server VM (24.0-b56) for windows-amd64 JRE (1.7.0_40-b43), built on Aug 26 2013 22:38:32 by "java_re" with unknown MS VC++:1600

time: Thu Oct 17 21:35:18 2013
elapsed time: 17452 seconds

